iot-final/build/outputs/logs/manifest-merger-debug-report.txt
-- Merging decision tree log ---
manifest
ADDED from iot_final_proj/iot-final/AndroidManifest.xml:2:1-29:12
INJECTED from iot_final_proj/iot-final/AndroidManifest.xml:2:1-29:12
INJECTED from iot_final_proj/iot-final/AndroidManifest.xml:2:1-29:12
INJECTED from iot_final_proj/iot-final/AndroidManifest.xml:2:1-29:12
INJECTED from iot_final_proj/iot-final/AndroidManifest.xml:2:1-29:12
	package
		ADDED from iot_final_proj/iot-final/AndroidManifest.xml:3:5-28
	android:versionName
		ADDED from iot_final_proj/iot-final/AndroidManifest.xml:5:5-30
		INJECTED from iot_final_proj/iot-final/AndroidManifest.xml
		INJECTED from iot_final_proj/iot-final/AndroidManifest.xml
	xmlns:android
		ADDED from iot_final_proj/iot-final/AndroidManifest.xml:2:11-69
	android:versionCode
		ADDED from iot_final_proj/iot-final/AndroidManifest.xml:4:5-28
		INJECTED from iot_final_proj/iot-final/AndroidManifest.xml
		INJECTED from iot_final_proj/iot-final/AndroidManifest.xml
uses-sdk
ADDED from iot_final_proj/iot-final/AndroidManifest.xml:7:5-9:41
INJECTED from iot_final_proj/iot-final/AndroidManifest.xml:7:5-9:41
INJECTED from iot_final_proj/iot-final/AndroidManifest.xml:7:5-9:41
INJECTED from iot_final_proj/iot-final/AndroidManifest.xml:7:5-9:41
INJECTED from iot_final_proj/iot-final/AndroidManifest.xml:7:5-9:41
	android:targetSdkVersion
		ADDED from iot_final_proj/iot-final/AndroidManifest.xml:9:9-38
		INJECTED from iot_final_proj/iot-final/AndroidManifest.xml
		INJECTED from iot_final_proj/iot-final/AndroidManifest.xml
	android:minSdkVersion
		ADDED from iot_final_proj/iot-final/AndroidManifest.xml:8:9-35
		INJECTED from iot_final_proj/iot-final/AndroidManifest.xml
		INJECTED from iot_final_proj/iot-final/AndroidManifest.xml
uses-permission#android.permission.INTERNET
ADDED from iot_final_proj/iot-final/AndroidManifest.xml:11:5-67
	android:name
		ADDED from iot_final_proj/iot-final/AndroidManifest.xml:11:22-64
application
ADDED from iot_final_proj/iot-final/AndroidManifest.xml:13:5-27:19
	android:label
		ADDED from iot_final_proj/iot-final/AndroidManifest.xml:16:9-41
	android:icon
		ADDED from iot_final_proj/iot-final/AndroidManifest.xml:15:9-45
	android:allowBackup
		ADDED from iot_final_proj/iot-final/AndroidManifest.xml:14:9-35
activity#com.amazonaws.home
ADDED from iot_final_proj/iot-final/AndroidManifest.xml:19:9-25:20
	android:name
		ADDED from iot_final_proj/iot-final/AndroidManifest.xml:19:19-39
intent-filter#action:name:android.intent.action.MAIN+category:name:android.intent.category.LAUNCHER
ADDED from iot_final_proj/iot-final/AndroidManifest.xml:20:13-24:29
action#android.intent.action.MAIN
ADDED from iot_final_proj/iot-final/AndroidManifest.xml:21:17-69
	android:name
		ADDED from iot_final_proj/iot-final/AndroidManifest.xml:21:25-66
category#android.intent.category.LAUNCHER
ADDED from iot_final_proj/iot-final/AndroidManifest.xml:23:17-77
	android:name
		ADDED from iot_final_proj/iot-final/AndroidManifest.xml:23:27-74